Arguments: 
  /home/lyqzzw/.nvm/versions/node/v20.12.2/bin/node /home/lyqzzw/.yarn/bin/yarn.js install

PATH: 
  /home/lyqzzw/.yarn/bin:/home/lyqzzw/.config/yarn/global/node_modules/.bin:/home/lyqzzw/.vscode-server/bin/e170252f762678dec6ca2cc69aba1570769a5d39/bin/remote-cli:/home/lyqzzw/.yarn/bin:/home/lyqzzw/.config/yarn/global/node_modules/.bin:/home/lyqzzw/.nvm/versions/node/v20.12.2/bin:/usr/local/sbin:/usr/local/bin:/usr/sbin:/usr/bin:/sbin:/bin:/usr/games:/usr/local/games:/usr/lib/wsl/lib:/mnt/c/Python312/Scripts/:/mnt/c/Python312/:/mnt/c/Windows/system32:/mnt/c/Windows:/mnt/c/Windows/System32/Wbem:/mnt/c/Windows/System32/WindowsPowerShell/v1.0/:/mnt/c/Windows/System32/OpenSSH/:/mnt/c/Program Files/NVIDIA Corporation/NVIDIA NvDLISR:/mnt/c/Program Files (x86)/NVIDIA Corporation/PhysX/Common:/mnt/c/ProgramData/chocolatey/bin:/mnt/c/Program Files/nodejs/:/mnt/c/Users/lyq/AppData/Local/Microsoft/WindowsApps:/mnt/c/Users/lyq/AppData/Roaming/npm:/mnt/c/Users/lyq/AppData/Local/Programs/Microsoft VS Code/bin:/snap/bin:/usr/local/lib/node_modules/yarn/bin:/usr/local/lib/node_modules/yarn/bin

Yarn version: 
  1.22.19

Node version: 
  20.12.2

Platform: 
  linux x64

Trace: 
  TypeError [ERR_INVALID_ARG_TYPE]: The "path" argument must be of type string. Received [Object: null prototype]
      at Object.isAbsolute (node:path:1160:5)
      at module.exports.exports.default (/home/lyqzzw/.yarn/lib/cli.js:97087:16)
      at /home/lyqzzw/.yarn/lib/cli.js:51330:63
      at Generator.next (<anonymous>)
      at step (/home/lyqzzw/.yarn/lib/cli.js:310:30)
      at /home/lyqzzw/.yarn/lib/cli.js:321:13

npm manifest: 
  {
    "license": "MIT",
    
    "devDependencies": {
      "resolutions": {
        "**/ethers": "^5.7.2"
      },
      "@nomicfoundation/hardhat-ethers": "^3.0.5",
      "@nomicfoundation/hardhat-ignition": "^0.15.1",
      "@nomicfoundation/hardhat-ignition-ethers": "^0.15.0",
      "@nomicfoundation/hardhat-network-helpers": "^1.0.0",
      "@nomicfoundation/hardhat-toolbox": "^5.0.0",
      "@nomicfoundation/hardhat-verify": "^2.0.0",
      "@nomicfoundation/ignition-core": "^0.15.1",
      "@nomiclabs/hardhat-ethers": "^2.0.0",
      "@nomiclabs/hardhat-etherscan": "^3.1.8",
      "@nomiclabs/hardhat-waffle": "^2.0.6",
      "@typechain/ethers-v6": "^0.5.0",
      "@typechain/hardhat": "^9.0.0",
      "@types/chai": "^4.2.0",
      "@types/mocha": ">=9.1.0",
      "@types/node": ">=18.0.0",
      "@types/sinon-chai": "^3.2.3",
      "chai": "^4.2.0",
      "ethereum-waffle": "^4.0.10",
      "ethers": "5.7.2",
      "hardhat": "^2.22.3",
      "hardhat-deploy": "^0.12.2",
      "hardhat-gas-reporter": "^1.0.8",
      "solhint": "^4.5.4",
      "solidity-coverage": "^0.8.1",
      "ts-node": ">=8.0.0",
      "typechain": "^8.3.0",
      "typescript": ">=4.5.0"
    },
    "dependencies": {
      "@chainlink/contracts": "^1.0.0"
    }
  }

yarn manifest: 
  No manifest

Lockfile: 
  No lockfile
